2023/01/27 10:59:30.845,[6],INFO  ,Ingresa ActualizarCultura. Página: /index.aspx
2023/01/27 10:59:30.856,[6],INFO  ,Salióooooo ActualizarCultura. Página: /index.aspx
2023/01/27 10:59:30.856,[6],INFO  ,Componente - Administrador - Se autoriza el acceso a la siguiente pagina: /index.aspx
2023/01/27 10:59:45.002,[9],INFO  ,Ingresa ActualizarCultura. Página: /PlantillaTab.aspx?idp=3&nop=M%C3%B3vil
2023/01/27 10:59:45.003,[9],INFO  ,Salióooooo ActualizarCultura. Página: /PlantillaTab.aspx?idp=3&nop=M%C3%B3vil
2023/01/27 10:59:45.003,[9],INFO  ,Componente - Administrador - Se autoriza el acceso a la siguiente pagina: /PlantillaTab.aspx?idp=3&nop=M%C3%B3vil
2023/01/27 10:59:46.993,[9],INFO  ,Ingresa ActualizarCultura. Página: /P_Movil/DashBoard/DashBoard_Facturacion.aspx
2023/01/27 10:59:46.993,[9],INFO  ,Salióooooo ActualizarCultura. Página: /P_Movil/DashBoard/DashBoard_Facturacion.aspx
2023/01/27 10:59:46.993,[9],INFO  ,Componente - Administrador - Se autoriza el acceso a la siguiente pagina: /P_Movil/DashBoard/DashBoard_Facturacion.aspx
2023/01/27 10:59:57.001,[7],INFO  ,Ingresa ActualizarCultura. Página: /Common/Page/Adm_Lista.aspx?vcTab=M_EMPL&inCod=35&inTip=4&inTipOri=0
2023/01/27 10:59:57.001,[7],INFO  ,Salióooooo ActualizarCultura. Página: /Common/Page/Adm_Lista.aspx?vcTab=M_EMPL&inCod=35&inTip=4&inTipOri=0
2023/01/27 10:59:57.001,[7],INFO  ,Componente - Administrador - Se autoriza el acceso a la siguiente pagina: /Common/Page/Adm_Lista.aspx?vcTab=M_EMPL&inCod=35&inTip=4&inTipOri=0
2023/01/27 11:00:02.944,[14],INFO  ,Ingresa ActualizarCultura. Página: /Common/Page/Adm_CargarArchivo.aspx?Formatos=.xls,.xlsx&FormatoTipo=Excel
2023/01/27 11:00:02.945,[14],INFO  ,Salióooooo ActualizarCultura. Página: /Common/Page/Adm_CargarArchivo.aspx?Formatos=.xls,.xlsx&FormatoTipo=Excel
2023/01/27 11:00:02.945,[14],INFO  ,Componente - Administrador - Se autoriza el acceso a la siguiente pagina: /Common/Page/Adm_CargarArchivo.aspx?Formatos=.xls,.xlsx&FormatoTipo=Excel
2023/01/27 11:00:11.244,[6],INFO  ,Ingresa ActualizarCultura. Página: /General/Administrar/Mantenimiento/Mnt_Empleado.aspx?VistaVer=1&CodEntidad=23&Cod=000000001&Par=EMPL_P_vcCODEMP&vcTab=M_EMPL
2023/01/27 11:00:11.244,[6],INFO  ,Salióooooo ActualizarCultura. Página: /General/Administrar/Mantenimiento/Mnt_Empleado.aspx?VistaVer=1&CodEntidad=23&Cod=000000001&Par=EMPL_P_vcCODEMP&vcTab=M_EMPL
2023/01/27 11:00:11.244,[6],INFO  ,Componente - Administrador - Se autoriza el acceso a la siguiente pagina: /General/Administrar/Mantenimiento/Mnt_Empleado.aspx?VistaVer=1&CodEntidad=23&Cod=000000001&Par=EMPL_P_vcCODEMP&vcTab=M_EMPL
2023/01/27 11:00:32.769,[11],INFO  ,Ingresa ActualizarCultura. Página: /Common/Page/Adm_Lista.aspx?vcTab=SEG_Usuario&inCod=42&inTip=3&inTipOri=0
2023/01/27 11:00:32.769,[11],INFO  ,Salióooooo ActualizarCultura. Página: /Common/Page/Adm_Lista.aspx?vcTab=SEG_Usuario&inCod=42&inTip=3&inTipOri=0
2023/01/27 11:00:32.769,[11],INFO  ,Componente - Administrador - Se autoriza el acceso a la siguiente pagina: /Common/Page/Adm_Lista.aspx?vcTab=SEG_Usuario&inCod=42&inTip=3&inTipOri=0
2023/01/27 11:00:33.398,[8],INFO  ,Ingresa ActualizarCultura. Página: /Common/Page/Adm_CargarArchivo.aspx?Formatos=.xls,.xlsx&FormatoTipo=Excel
2023/01/27 11:00:33.398,[8],INFO  ,Salióooooo ActualizarCultura. Página: /Common/Page/Adm_CargarArchivo.aspx?Formatos=.xls,.xlsx&FormatoTipo=Excel
2023/01/27 11:00:33.398,[8],INFO  ,Componente - Administrador - Se autoriza el acceso a la siguiente pagina: /Common/Page/Adm_CargarArchivo.aspx?Formatos=.xls,.xlsx&FormatoTipo=Excel
2023/01/27 11:00:36.640,[9],INFO  ,Ingresa ActualizarCultura. Página: /P_Configuracion/Seguridad/Administrar/Mnt_SEG_Usuario.aspx?Cod=7&Par=P_inCod&vcTab=SEG_Usuario
2023/01/27 11:00:36.640,[9],INFO  ,Salióooooo ActualizarCultura. Página: /P_Configuracion/Seguridad/Administrar/Mnt_SEG_Usuario.aspx?Cod=7&Par=P_inCod&vcTab=SEG_Usuario
2023/01/27 11:00:36.640,[9],INFO  ,Componente - Administrador - Se autoriza el acceso a la siguiente pagina: /P_Configuracion/Seguridad/Administrar/Mnt_SEG_Usuario.aspx?Cod=7&Par=P_inCod&vcTab=SEG_Usuario
2023/01/27 11:00:38.745,[9],INFO  ,Ingresa ActualizarCultura. Página: /P_Configuracion/Seguridad/Administrar/CargarImagenUsuario.aspx?CodUsu=7
2023/01/27 11:00:38.745,[9],INFO  ,Salióooooo ActualizarCultura. Página: /P_Configuracion/Seguridad/Administrar/CargarImagenUsuario.aspx?CodUsu=7
2023/01/27 11:00:38.745,[9],INFO  ,Componente - Administrador - Se autoriza el acceso a la siguiente pagina: /P_Configuracion/Seguridad/Administrar/CargarImagenUsuario.aspx?CodUsu=7
2023/01/27 11:01:08.949,[7],INFO  ,Ingresa ActualizarCultura. Página: /P_Configuracion/Seguridad/Administrar/Mnt_SEG_Usuario.aspx?Cod=7&Par=P_inCod&vcTab=SEG_Usuario
2023/01/27 11:01:08.949,[7],INFO  ,Salióooooo ActualizarCultura. Página: /P_Configuracion/Seguridad/Administrar/Mnt_SEG_Usuario.aspx?Cod=7&Par=P_inCod&vcTab=SEG_Usuario
2023/01/27 11:01:08.949,[7],INFO  ,Componente - Administrador - Se autoriza el acceso a la siguiente pagina: /P_Configuracion/Seguridad/Administrar/Mnt_SEG_Usuario.aspx?Cod=7&Par=P_inCod&vcTab=SEG_Usuario
2023/01/27 11:01:09.642,[11],INFO  ,Ingresa ActualizarCultura. Página: /P_Configuracion/Seguridad/Administrar/CargarImagenUsuario.aspx?CodUsu=7
2023/01/27 11:01:09.642,[11],INFO  ,Salióooooo ActualizarCultura. Página: /P_Configuracion/Seguridad/Administrar/CargarImagenUsuario.aspx?CodUsu=7
2023/01/27 11:01:09.642,[11],INFO  ,Componente - Administrador - Se autoriza el acceso a la siguiente pagina: /P_Configuracion/Seguridad/Administrar/CargarImagenUsuario.aspx?CodUsu=7
